#
# A fatal error has been detected by the Java Runtime Environment:
#
#  EXCEPTION_ACCESS_VIOLATION (0xc0000005) at pc=0x6d8cf46a, pid=3172, tid=2316
#
# JRE version: 6.0_24-b07
# Java VM: Java HotSpot(TM) Client VM (19.1-b02 mixed mode windows-x86 )
# Problematic frame:
# V  [jvm.dll+0xdf46a]
#
# If you would like to submit a bug report, please visit:
#   http://java.sun.com/webapps/bugreport/crash.jsp
#

---------------  T H R E A D  ---------------

Current thread (0x023d8c00):  VMThread [stack: 0x34770000,0x34870000] [id=2316]

siginfo: ExceptionCode=0xc0000005, reading address 0x0b9d2d70

Registers:
EAX=0x0f9d2d64, EBX=0x244ad1f0, ECX=0x244ad1f8, EDX=0x00000000
ESP=0x3486f900, EBP=0x3486f918, ESI=0x0b9d2d70, EDI=0x0f9d2d60
EIP=0x6d8cf46a, EFLAGS=0x00010202

Register to memory mapping:

EAX=0x0f9d2d64
java.lang.String 
 - klass: 'java/lang/String'

EBX=0x244ad1f0
{instance class} 
 - klass: {other class}

ECX=0x244ad1f8
[S 
 - klass: {type array short}
 - length: 8

EDX=0x00000000
0x00000000 is pointing to unknown location

ESP=0x3486f900
0x3486f900 is pointing to unknown location

EBP=0x3486f918
0x3486f918 is pointing to unknown location

ESI=0x0b9d2d70
0x0b9d2d70 is an unallocated location in the heap

EDI=0x0f9d2d60
java.lang.String 
 - klass: 'java/lang/String'


Top of Stack: (sp=0x3486f900)
0x3486f900:   25e86038 000003fe 00000001 244ad1f8
0x3486f910:   0f9d2d64 00000003 3486f938 6d94e393
0x3486f920:   0f9d2d58 6da5003c 244b72d8 0249d798
0x3486f930:   00000003 3486f944 3486f944 6d94e722
0x3486f940:   6da5003c 3486f958 6d9d83e4 6da69634
0x3486f950:   6da5003c 0249d798 3486f974 6d996d89
0x3486f960:   6da5003c 00000000 6da5003c 6da5003c
0x3486f970:   0249d798 3486f9b4 6d8ba430 00000001 

Instructions: (pc=0x6d8cf46a)
0x6d8cf45a:   0f 83 9f 00 00 00 8b 37 85 f6 0f 84 87 00 00 00
0x6d8cf46a:   8b 0e 83 e1 03 80 f9 03 74 7d 8b 06 c7 45 fc 03 


Stack: [0x34770000,0x34870000],  sp=0x3486f900,  free space=1022k
Native frames: (J=compiled Java code, j=interpreted, Vv=VM code, C=native code)
V  [jvm.dll+0xdf46a]
V  [jvm.dll+0x15e393]
V  [jvm.dll+0x15e722]
V  [jvm.dll+0x1e83e4]
V  [jvm.dll+0x1a6d89]
V  [jvm.dll+0xca430]
V  [jvm.dll+0xcaca0]
V  [jvm.dll+0xcb150]
V  [jvm.dll+0xcf1ba]
V  [jvm.dll+0x1de8a2]
V  [jvm.dll+0xc9e88]
V  [jvm.dll+0xca281]
V  [jvm.dll+0x1fa9f4]
V  [jvm.dll+0x1fd903]
V  [jvm.dll+0x1fcbde]
V  [jvm.dll+0x1fcf00]
V  [jvm.dll+0x1fd302]
V  [jvm.dll+0x18317c]
C  [MSVCR71.dll+0x9565]
C  [KERNEL32.dll+0x133aa]
C  [ntdll.dll+0x39f72]
C  [ntdll.dll+0x39f45]

VM_Operation (0x0018ebb0): GenCollectForPermanentAllocation, mode: safepoint, requested by thread 0x02499c00


---------------  P R O C E S S  ---------------

Java Threads: ( => current thread )
  0x35dc0400 JavaThread "Bundle File Closer" daemon [_thread_blocked, id=5616, stack(0x37140000,0x37240000)]
  0x36092c00 JavaThread "Thread-2" [_thread_blocked, id=1728, stack(0x397c0000,0x398c0000)]
  0x36061400 JavaThread "Worker-1" [_thread_blocked, id=1708, stack(0x396c0000,0x397c0000)]
  0x35fb4c00 JavaThread "Thread-1" [_thread_blocked, id=3848, stack(0x368a0000,0x369a0000)]
  0x35f83000 JavaThread "Worker-0" [_thread_blocked, id=5232, stack(0x35b80000,0x35c80000)]
  0x34d6e400 JavaThread "Worker-JM" [_thread_blocked, id=5756, stack(0x362c0000,0x363c0000)]
  0x34ce3400 JavaThread "[Timer] - Main Queue Handler" daemon [_thread_blocked, id=3908, stack(0x35cc0000,0x35dc0000)]
  0x34cc5000 JavaThread "Framework Event Dispatcher" daemon [_thread_blocked, id=5916, stack(0x35a40000,0x35b40000)]
  0x34cb1400 JavaThread "Start Level Event Dispatcher" daemon [_thread_blocked, id=4748, stack(0x35940000,0x35a40000)]
  0x34c37400 JavaThread "State Data Manager" daemon [_thread_blocked, id=5244, stack(0x35840000,0x35940000)]
  0x34c1c400 JavaThread "Framework Active Thread" [_thread_blocked, id=5408, stack(0x35740000,0x35840000)]
  0x34b77000 JavaThread "Low Memory Detector" daemon [_thread_blocked, id=5144, stack(0x35030000,0x35130000)]
  0x34b72c00 JavaThread "CompilerThread0" daemon [_thread_blocked, id=4308, stack(0x34ef0000,0x34ff0000)]
  0x0240fc00 JavaThread "Attach Listener" daemon [_thread_blocked, id=5164, stack(0x34db0000,0x34eb0000)]
  0x0240c800 JavaThread "Signal Dispatcher" daemon [_thread_blocked, id=5368, stack(0x34a70000,0x34b70000)]
  0x023e2800 JavaThread "Finalizer" daemon [_thread_blocked, id=3340, stack(0x34970000,0x34a70000)]
  0x023ddc00 JavaThread "Reference Handler" daemon [_thread_blocked, id=5528, stack(0x34870000,0x34970000)]
  0x02499c00 JavaThread "main" [_thread_blocked, id=5524, stack(0x00090000,0x00190000)]

Other Threads:
=>0x023d8c00 VMThread [stack: 0x34770000,0x34870000] [id=2316]
  0x34b89000 WatcherThread [stack: 0x35170000,0x35270000] [id=4148]

VM state:at safepoint (normal execution)

VM Mutex/Monitor currently owned by a thread:  ([mutex/lock_event])
[0x02497750] Threads_lock - owner thread: 0x023d8c00
[0x02497b60] Heap_lock - owner thread: 0x02499c00

Heap
 def new generation   total 12352K, used 6646K [0x044a0000, 0x05200000, 0x0ef40000)
  eden space 11008K,  51% used [0x044a0000, 0x04a253f0, 0x04f60000)
  from space 1344K,  73% used [0x050b0000, 0x051a8560, 0x05200000)
  to   space 1344K,   0% used [0x04f60000, 0x04f60000, 0x050b0000)
 tenured generation   total 27328K, used 12354K [0x0ef40000, 0x109f0000, 0x244a0000)
   the space 27328K,  45% used [0x0ef40000, 0x0fb50818, 0x0fb50a00, 0x109f0000)
 compacting perm gen  total 28672K, used 28670K [0x244a0000, 0x260a0000, 0x344a0000)
   the space 28672K,  99% used [0x244a0000, 0x2609fbc8, 0x2609fc00, 0x260a0000)
No shared spaces configured.

Dynamic libraries:
0x00400000 - 0x0040d000 	C:\Users\user14\AppData\Local\Aptana Studio 3\AptanaStudio3.exe
0x77ae0000 - 0x77c60000 	C:\Windows\SysWOW64\ntdll.dll
0x72ad0000 - 0x72b0f000 	C:\Program Files\AVAST Software\Avast\snxhk.dll
0x76a00000 - 0x76b10000 	C:\Windows\syswow64\KERNEL32.dll
0x769b0000 - 0x769f7000 	C:\Windows\syswow64\KERNELBASE.dll
0x75220000 - 0x75320000 	C:\Windows\syswow64\USER32.dll
0x75600000 - 0x75690000 	C:\Windows\syswow64\GDI32.dll
0x75920000 - 0x7592a000 	C:\Windows\syswow64\LPK.dll
0x75560000 - 0x755fd000 	C:\Windows\syswow64\USP10.dll
0x75690000 - 0x7573c000 	C:\Windows\syswow64\msvcrt.dll
0x75cc0000 - 0x75d60000 	C:\Windows\syswow64\ADVAPI32.dll
0x75530000 - 0x75549000 	C:\Windows\SysWOW64\sechost.dll
0x76b10000 - 0x76c00000 	C:\Windows\syswow64\RPCRT4.dll
0x751c0000 - 0x75220000 	C:\Windows\syswow64\SspiCli.dll
0x751b0000 - 0x751bc000 	C:\Windows\syswow64\CRYPTBASE.dll
0x703d0000 - 0x70454000 	C:\Windows\WinSxS\x86_microsoft.windows.common-controls_6595b64144ccf1df_5.82.7601.17514_none_ec83dffa859149af\COMCTL32.dll
0x75a50000 - 0x75ab0000 	C:\Windows\system32\IMM32.DLL
0x77030000 - 0x770fc000 	C:\Windows\syswow64\MSCTF.dll
0x72000000 - 0x7200d000 	C:\Users\user14\AppData\Local\Aptana Studio 3\plugins\org.eclipse.equinox.launcher.win32.win32.x86_1.1.100.v20110502\eclipse_1406.dll
0x750e0000 - 0x750e9000 	C:\Windows\system32\VERSION.dll
0x70880000 - 0x70900000 	C:\Windows\system32\uxtheme.dll
0x6d7f0000 - 0x6da96000 	C:\Users\user14\AppData\Local\Aptana Studio 3\jre\bin\client\jvm.dll
0x70f20000 - 0x70f52000 	C:\Windows\system32\WINMM.dll
0x7c340000 - 0x7c396000 	C:\Windows\system32\MSVCR71.dll
0x74cc0000 - 0x74d0c000 	C:\Windows\system32\apphelp.dll
0x6d7a0000 - 0x6d7ac000 	C:\Users\user14\AppData\Local\Aptana Studio 3\jre\bin\verify.dll
0x6d320000 - 0x6d33f000 	C:\Users\user14\AppData\Local\Aptana Studio 3\jre\bin\java.dll
0x6d280000 - 0x6d288000 	C:\Users\user14\AppData\Local\Aptana Studio 3\jre\bin\hpi.dll
0x00370000 - 0x00375000 	C:\Windows\syswow64\PSAPI.DLL
0x6d7e0000 - 0x6d7ef000 	C:\Users\user14\AppData\Local\Aptana Studio 3\jre\bin\zip.dll
0x72fa0000 - 0x72fb6000 	C:\Windows\system32\CRYPTSP.dll
0x72f60000 - 0x72f9b000 	C:\Windows\system32\rsaenh.dll
0x72710000 - 0x72727000 	C:\Windows\system32\USERENV.dll
0x72700000 - 0x7270b000 	C:\Windows\system32\profapi.dll
0x6d600000 - 0x6d613000 	C:\Users\user14\AppData\Local\Aptana Studio 3\jre\bin\net.dll
0x76c00000 - 0x76c35000 	C:\Windows\syswow64\WS2_32.dll
0x75cb0000 - 0x75cb6000 	C:\Windows\syswow64\NSI.dll
0x726c0000 - 0x726fc000 	C:\Windows\system32\mswsock.dll
0x726a0000 - 0x726a6000 	C:\Windows\System32\wship6.dll
0x72fd0000 - 0x72fe0000 	C:\Windows\system32\NLAapi.dll
0x72fc0000 - 0x72fd0000 	C:\Windows\system32\napinsp.dll
0x72620000 - 0x72632000 	C:\Windows\system32\pnrpnsp.dll
0x72ea0000 - 0x72ee4000 	C:\Windows\system32\DNSAPI.dll
0x72e90000 - 0x72e98000 	C:\Windows\System32\winrnr.dll
0x726b0000 - 0x726b5000 	C:\Windows\System32\wshtcpip.dll
0x74720000 - 0x7473c000 	C:\Windows\system32\IPHLPAPI.DLL
0x74710000 - 0x74717000 	C:\Windows\system32\WINNSI.DLL
0x72e40000 - 0x72e46000 	C:\Windows\system32\rasadhlp.dll
0x72e50000 - 0x72e88000 	C:\Windows\System32\fwpuclnt.dll
0x76d30000 - 0x76e8c000 	C:\Windows\system32\ole32.dll
0x6d620000 - 0x6d629000 	C:\Users\user14\AppData\Local\Aptana Studio 3\jre\bin\nio.dll
0x363c0000 - 0x3642e000 	C:\Users\user14\AppData\Local\Aptana Studio 3\configuration\org.eclipse.osgi\bundles\249\1\.cp\swt-win32-3740.dll
0x76ca0000 - 0x76d2f000 	C:\Windows\syswow64\OLEAUT32.dll
0x758a0000 - 0x7591b000 	C:\Windows\syswow64\comdlg32.dll
0x76c40000 - 0x76c97000 	C:\Windows\syswow64\SHLWAPI.dll
0x72b20000 - 0x72cbe000 	C:\Windows\WinSxS\x86_microsoft.windows.common-controls_6595b64144ccf1df_6.0.7601.17514_none_41e6975e2bd6f2b2\COMCTL32.dll
0x75d60000 - 0x769aa000 	C:\Windows\syswow64\SHELL32.dll
0x75080000 - 0x750d1000 	C:\Windows\system32\WINSPOOL.DRV
0x77100000 - 0x7721b000 	C:\Windows\syswow64\WININET.dll
0x75550000 - 0x75553000 	C:\Windows\syswow64\Normaliz.dll
0x75370000 - 0x75529000 	C:\Windows\syswow64\iertutil.dll
0x75ab0000 - 0x75bc1000 	C:\Windows\syswow64\urlmon.dll
0x75930000 - 0x75a50000 	C:\Windows\syswow64\CRYPT32.dll
0x75740000 - 0x7574c000 	C:\Windows\syswow64\MSASN1.dll
0x711c0000 - 0x711d3000 	C:\Windows\system32\dwmapi.dll
0x702d0000 - 0x703c5000 	C:\Windows\system32\propsys.dll
0x75bd0000 - 0x75c53000 	C:\Windows\syswow64\CLBCatQ.DLL
0x35620000 - 0x3563d000 	C:\Users\user14\AppData\Local\Aptana Studio 3\configuration\org.eclipse.osgi\bundles\249\1\.cp\swt-gdip-win32-3740.dll
0x6ea70000 - 0x6ec00000 	C:\Windows\WinSxS\x86_microsoft.windows.gdiplus_6595b64144ccf1df_1.1.7601.18120_none_72d2e82386681b36\gdiplus.dll
0x6bb90000 - 0x6bcc0000 	C:\Windows\system32\WindowsCodecs.dll
0x70c90000 - 0x70ccc000 	C:\Windows\system32\oleacc.dll
0x5e2d0000 - 0x5e43f000 	C:\Windows\system32\explorerframe.dll
0x72300000 - 0x7232f000 	C:\Windows\system32\DUser.dll
0x5a780000 - 0x5a832000 	C:\Windows\system32\DUI70.dll
0x74680000 - 0x7468e000 	C:\Windows\system32\RpcRtRemote.dll
0x36b60000 - 0x36b6e000 	C:\Users\user14\AppData\Local\Aptana Studio 3\configuration\org.eclipse.osgi\bundles\160\1\.cp\os\win32\x86\localfile_1_0_0.dll
0x5b9f0000 - 0x5ba1e000 	C:\Windows\system32\mlang.dll
0x6d510000 - 0x6d51f000 	C:\Users\user14\AppData\Local\Aptana Studio 3\configuration\org.eclipse.osgi\bundles\163\1\.cp\jWinHttp-1.0.0.dll
0x74ad0000 - 0x74b28000 	C:\Windows\system32\WINHTTP.dll
0x74a80000 - 0x74acf000 	C:\Windows\system32\webio.dll
0x73c50000 - 0x73c5d000 	C:\Windows\system32\dhcpcsvc6.DLL
0x73c30000 - 0x73c42000 	C:\Windows\system32\dhcpcsvc.DLL
0x72e00000 - 0x72e08000 	C:\Windows\system32\credssp.dll
0x75750000 - 0x75777000 	C:\Windows\syswow64\CFGMGR32.dll

VM Arguments:
jvm_args: -Xms40m -Xmx512m -Declipse.p2.unsignedPolicy=allow -Declipse.log.size.max=10000 -Declipse.log.backup.max=5 -Djava.awt.headless=true -XX:MaxPermSize=256m 
java_command: <unknown>
Launcher Type: generic

Environment Variables:
PATH=C:/Users/user14/AppData/Local/Aptana Studio 3/jre/bin/client;C:/Users/user14/AppData/Local/Aptana Studio 3/jre/bin;C:/Users/user14/AppData/Local/Aptana Studio 3/jre/lib/i386;C:\Program Files (x86)\NVIDIA Corporation\PhysX\Common;C:\Windows\system32;C:\Windows;C:\Windows\System32\Wbem;C:\Windows\System32\WindowsPowerShell\v1.0\;W:\weblmg.com\andrew_template;
USERNAME=user14
OS=Windows_NT
PROCESSOR_IDENTIFIER=Intel64 Family 6 Model 45 Stepping 5, GenuineIntel



---------------  S Y S T E M  ---------------

OS: Windows 7 Build 7601 Service Pack 1

CPU:total 12 (6 cores per cpu, 2 threads per core) family 6 model 45 stepping 5, cmov, cx8, fxsr, mmx, sse, sse2, sse3, ssse3, sse4.1, sse4.2, popcnt, ht

Memory: 4k page, physical 16688908k(13394112k free), swap 33375956k(29464320k free)

vm_info: Java HotSpot(TM) Client VM (19.1-b02) for windows-x86 JRE (1.6.0_24-b07), built on Feb  2 2011 17:44:41 by "java_re" with MS VC++ 7.1 (VS2003)

time: Fri Sep 06 10:37:21 2013
elapsed time: 7 seconds

